24/08/09 09:40:46 Xvnc version TightVNC-1.3.9
24/08/09 09:40:46 Copyright (C) 2000-2007 TightVNC Group
24/08/09 09:40:46 Copyright (C) 1999 AT&T Laboratories Cambridge
24/08/09 09:40:46 All Rights Reserved.
24/08/09 09:40:46 See http://www.tightvnc.com/ for information on TightVNC
24/08/09 09:40:46 Desktop name 'X' (talisker:7)
24/08/09 09:40:46 Protocol versions supported: 3.3, 3.7, 3.8, 3.7t, 3.8t
24/08/09 09:40:46 Listening for VNC connections on TCP port 5907
24/08/09 09:40:46 Listening for HTTP connections on TCP port 5807
24/08/09 09:40:46   URL http://talisker:5807
xrdb: No such file or directory
xrdb: can't open file '/home/ppginf/luis/.Xresources'
/usr/bin/startxfce4: X server already running on display :7

24/08/09 09:40:47 Got connection from client 127.0.0.1
24/08/09 09:40:47 Using protocol version 3.8
Agent pid 18429
Xlib:  extension "RANDR" missing on display ":7.0".
Xlib:  extension "RANDR" missing on display ":7.0".
** Message: Querying XF86Misc extension
Xlib:  extension "XFree86-Misc" missing on display ":7.0".

** (xfce-mcs-manager:18439): WARNING **: Your X server does not support XF86Misc extension
** Message: Querying Xkb extension
** Message: Your X server does not support Xkb extension
** Message: Querying XINPUT extension
** Message: Your X server does not support XINPUT extension
** Message: Querying Xkb extension
** Message: Your X server does not support Xkb extension
Xlib:  extension "RANDR" missing on display ":7.0".
Xlib:  extension "XFree86-VidModeExtension" missing on display ":7.0".

** (xfce-mcs-manager:18439): CRITICAL **: find_master: assertion `mixer_handle != -1' failed
24/08/09 09:40:50 Full-control authentication passed by 127.0.0.1
24/08/09 09:40:50 Pixel format for client 127.0.0.1:
24/08/09 09:40:50   8 bpp, depth 6
24/08/09 09:40:50   true colour: max r 3 g 3 b 3, shift r 4 g 2 b 0
24/08/09 09:40:50 Enabling full-color cursor updates for client 127.0.0.1
24/08/09 09:40:50 rfbProcessClientNormalMessage: ignoring unknown encoding -223
24/08/09 09:40:50 rfbProcessClientNormalMessage: ignoring unknown encoding 16
24/08/09 09:40:50 Using hextile encoding for client 127.0.0.1
Xlib:  extension "RANDR" missing on display ":7.0".

** (xfwm4:18441): WARNING **: The display does not support the XRender extension.

** (xfwm4:18441): WARNING **: The display does not support the XRandr extension.

** (xfwm4:18441): WARNING **: The display does not support the XComposite extension.

** (xfwm4:18441): WARNING **: The display does not support the XDamage extension.

** (xfwm4:18441): WARNING **: The display does not support the XFixes extension.

** (xfwm4:18441): WARNING **: Compositing manager disabled.
24/08/09 09:40:50 Pixel format for client 127.0.0.1:
24/08/09 09:40:50   32 bpp, depth 24, little endian
24/08/09 09:40:50   true colour: max r 255 g 255 b 255, shift r 16 g 8 b 0
24/08/09 09:40:50   no translation needed
24/08/09 09:40:50 Enabling full-color cursor updates for client 127.0.0.1
24/08/09 09:40:50 rfbProcessClientNormalMessage: ignoring unknown encoding -223
24/08/09 09:40:50 Using hextile encoding for client 127.0.0.1
24/08/09 09:40:50 rfbProcessClientNormalMessage: ignoring unknown encoding 16
Xlib:  extension "RANDR" missing on display ":7.0".
Xlib:  extension "RANDR" missing on display ":7.0".
Xlib:  extension "RANDR" missing on display ":7.0".
Xlib:  extension "RANDR" missing on display ":7.0".
24/08/09 09:40:58 Enabling full-color cursor updates for client 127.0.0.1
24/08/09 09:40:58 rfbProcessClientNormalMessage: ignoring unknown encoding -223
24/08/09 09:40:58 Using raw encoding for client 127.0.0.1
24/08/09 09:40:58 rfbProcessClientNormalMessage: ignoring unknown encoding 16
E: shm.c: shm_open() failed: Function not implemented
Connection failure: Connection refused

** (orage:18516): WARNING **: Default timezone set to floating. Do not use timezones when setting appointments, it does not make sense without proper local timezone.
Xlib:  extension "RANDR" missing on display ":7.0".
Xlib:  extension "RANDR" missing on display ":7.0".
** Message: Orage **: Lista de alarmes: 0 alarmes adicionados. 0 eventos processados.
** Message: Orage **: 	0 alarmes encontrados dos quais 0 estão ativos. (Pesquisou por 0 alarmes recorrentes.)
24/08/09 09:41:17 KbdAddEvent: unknown KeySym 0xffeb - allocating KeyCode 89
Xlib:  extension "RANDR" missing on display ":7.0".
Xlib:  extension "RANDR" missing on display ":7.0".
Xlib:  extension "RANDR" missing on display ":7.0".
** Message: GetValue variable 1 (1)
** Message: GetValue variable 2 (2)
** Message: GetValue variable 1 (1)
** Message: GetValue variable 2 (2)
** Message: GetValue variable 1 (1)
** Message: GetValue variable 2 (2)
** Message: GetValue variable 1 (1)
** Message: GetValue variable 2 (2)
** Message: GetValue variable 1 (1)
** Message: GetValue variable 2 (2)
24/08/09 09:41:56 KbdAddEvent: unknown KeySym 0xffe5 - allocating KeyCode 90
Xlib:  extension "RANDR" missing on display ":7.0".
Xlib:  extension "RANDR" missing on display ":7.0".
24/08/09 10:22:12 KbdAddEvent: unknown KeySym 0xe7 - allocating KeyCode 91
24/08/09 10:37:47 KbdAddEvent: unknown KeySym 0xff63 - allocating KeyCode 92
24/08/09 10:37:50 KbdAddEvent: unknown KeySym 0xff61 - allocating KeyCode 93
24/08/09 10:53:38 KbdAddEvent: unknown KeySym 0xff8d - allocating KeyCode 94
24/08/09 10:57:24 KbdAddEvent: unknown KeySym 0xffab - allocating KeyCode 95
24/08/09 12:38:33 Client 127.0.0.1 gone
24/08/09 12:38:33 Statistics:
24/08/09 12:38:33   key events received 7480, pointer events 58352
24/08/09 12:38:33   framebuffer updates 14210, rectangles 43715, bytes 1904489860
24/08/09 12:38:33     cursor shape updates 2583, bytes 2741354
24/08/09 12:38:33     raw rectangles 37773, bytes 1899011024
24/08/09 12:38:33     copyRect rectangles 3337, bytes 53392
24/08/09 12:38:33     hextile rectangles 22, bytes 2684090
24/08/09 12:38:33   raw bytes equivalent 1914923384, compression ratio 1.006956
